<?xml version="1.0" encoding="utf-8"?>
<coverage line-rate="0.943" branch-rate="0.6666" version="1.9" timestamp="1766466564" lines-covered="265" lines-valid="281" branches-covered="32" branches-valid="48">
  <sources>
    <source>E:\Documents\dev\repos\DungeonPartyGame\</source>
  </sources>
  <packages>
    <package name="DungeonPartyGame.Core" line-rate="0.9804" branch-rate="0.909" complexity="82">
      <classes>
        <class name="DungeonPartyGame.Core.Services.CombatEngine" filename="DungeonPartyGame.Core\Services\CombatEngine.cs" line-rate="1" branch-rate="1" complexity="8">
          <methods>
            <method name="CreateSession" signature="(DungeonPartyGame.Core.Models.Character,DungeonPartyGame.Core.Models.Character)" line-rate="1" branch-rate="1" complexity="1">
              <lines>
                <line number="14" hits="5" branch="False" />
                <line number="15" hits="5" branch="False" />
                <line number="16" hits="5" branch="False" />
              </lines>
            </method>
            <method name="ExecuteRound" signature="(DungeonPartyGame.Core.Models.CombatSession)" line-rate="1" branch-rate="1" complexity="6">
              <lines>
                <line number="19" hits="4" branch="False" />
                <line number="20" hits="4" branch="True" condition-coverage="100% (2/2)">
                  <conditions>
                    <condition number="11" type="jump" coverage="100%" />
                  </conditions>
                </line>
                <line number="21" hits="1" branch="False" />
                <line number="22" hits="1" branch="False" />
                <line number="25" hits="3" branch="False" />
                <line number="26" hits="3" branch="False" />
                <line number="27" hits="3" branch="False" />
                <line number="29" hits="3" branch="False" />
                <line number="30" hits="3" branch="False" />
                <line number="31" hits="3" branch="False" />
                <line number="32" hits="3" branch="False" />
                <line number="33" hits="3" branch="False" />
                <line number="34" hits="3" branch="False" />
                <line number="35" hits="3" branch="False" />
                <line number="37" hits="3" branch="False" />
                <line number="38" hits="3" branch="False" />
                <line number="40" hits="3" branch="True" condition-coverage="100% (2/2)">
                  <conditions>
                    <condition number="439" type="jump" coverage="100%" />
                  </conditions>
                </line>
                <line number="41" hits="3" branch="False" />
                <line number="42" hits="3" branch="False" />
                <line number="43" hits="3" branch="False" />
                <line number="44" hits="3" branch="False" />
                <line number="45" hits="3" branch="False" />
                <line number="46" hits="3" branch="False" />
                <line number="47" hits="3" branch="False" />
                <line number="48" hits="3" branch="False" />
                <line number="49" hits="3" branch="False" />
                <line number="50" hits="3" branch="False" />
                <line number="51" hits="3" branch="False" />
                <line number="52" hits="3" branch="False" />
                <line number="53" hits="3" branch="False" />
                <line number="54" hits="3" branch="False" />
                <line number="56" hits="3" branch="True" condition-coverage="100% (2/2)">
                  <conditions>
                    <condition number="578" type="jump" coverage="100%" />
                  </conditions>
                </line>
                <line number="57" hits="1" branch="False" />
                <line number="58" hits="1" branch="False" />
                <line number="59" hits="1" branch="False" />
                <line number="61" hits="2" branch="False" />
                <line number="62" hits="2" branch="False" />
                <line number="63" hits="2" branch="False" />
                <line number="65" hits="3" branch="False" />
                <line number="66" hits="3" branch="False" />
              </lines>
            </method>
            <method name=".ctor" signature="(DungeonPartyGame.Core.Services.DiceService)" line-rate="1" branch-rate="1" complexity="1">
              <lines>
                <line number="8" hits="11" branch="False" />
                <line number="9" hits="11" branch="False" />
                <line number="10" hits="11" branch="False" />
                <line number="11" hits="11" branch="False" />
              </lines>
            </method>
          </methods>
          <lines>
            <line number="14" hits="5" branch="False" />
            <line number="15" hits="5" branch="False" />
            <line number="16" hits="5" branch="False" />
            <line number="19" hits="4" branch="False" />
            <line number="20" hits="4" branch="True" condition-coverage="100% (2/2)">
              <conditions>
                <condition number="11" type="jump" coverage="100%" />
              </conditions>
            </line>
            <line number="21" hits="1" branch="False" />
            <line number="22" hits="1" branch="False" />
            <line number="25" hits="3" branch="False" />
            <line number="26" hits="3" branch="False" />
            <line number="27" hits="3" branch="False" />
            <line number="29" hits="3" branch="False" />
            <line number="30" hits="3" branch="False" />
            <line number="31" hits="3" branch="False" />
            <line number="32" hits="3" branch="False" />
            <line number="33" hits="3" branch="False" />
            <line number="34" hits="3" branch="False" />
            <line number="35" hits="3" branch="False" />
            <line number="37" hits="3" branch="False" />
            <line number="38" hits="3" branch="False" />
            <line number="40" hits="3" branch="True" condition-coverage="100% (2/2)">
              <conditions>
                <condition number="439" type="jump" coverage="100%" />
              </conditions>
            </line>
            <line number="41" hits="3" branch="False" />
            <line number="42" hits="3" branch="False" />
            <line number="43" hits="3" branch="False" />
            <line number="44" hits="3" branch="False" />
            <line number="45" hits="3" branch="False" />
            <line number="46" hits="3" branch="False" />
            <line number="47" hits="3" branch="False" />
            <line number="48" hits="3" branch="False" />
            <line number="49" hits="3" branch="False" />
            <line number="50" hits="3" branch="False" />
            <line number="51" hits="3" branch="False" />
            <line number="52" hits="3" branch="False" />
            <line number="53" hits="3" branch="False" />
            <line number="54" hits="3" branch="False" />
            <line number="56" hits="3" branch="True" condition-coverage="100% (2/2)">
              <conditions>
                <condition number="578" type="jump" coverage="100%" />
              </conditions>
            </line>
            <line number="57" hits="1" branch="False" />
            <line number="58" hits="1" branch="False" />
            <line number="59" hits="1" branch="False" />
            <line number="61" hits="2" branch="False" />
            <line number="62" hits="2" branch="False" />
            <line number="63" hits="2" branch="False" />
            <line number="65" hits="3" branch="False" />
            <line number="66" hits="3" branch="False" />
            <line number="8" hits="11" branch="False" />
            <line number="9" hits="11" branch="False" />
            <line number="10" hits="11" branch="False" />
            <line number="11" hits="11" branch="False" />
          </lines>
        </class>
        <class name="DungeonPartyGame.Core.Services.DiceService" filename="DungeonPartyGame.Core\Services\DiceService.cs" line-rate="1" branch-rate="1" complexity="3">
          <methods>
            <method name="Roll" signature="(System.Int32,System.Int32)" line-rate="1" branch-rate="1" complexity="1">
              <lines>
                <line number="10" hits="4" branch="False" />
              </lines>
            </method>
            <method name=".ctor" signature="(System.Random)" line-rate="1" branch-rate="1" complexity="2">
              <lines>
                <line number="6" hits="15" branch="False" />
                <line number="7" hits="15" branch="False" />
                <line number="8" hits="15" branch="True" condition-coverage="100% (2/2)">
                  <conditions>
                    <condition number="11" type="jump" coverage="100%" />
                  </conditions>
                </line>
                <line number="9" hits="15" branch="False" />
              </lines>
            </method>
          </methods>
          <lines>
            <line number="10" hits="4" branch="False" />
            <line number="6" hits="15" branch="False" />
            <line number="7" hits="15" branch="False" />
            <line number="8" hits="15" branch="True" condition-coverage="100% (2/2)">
              <conditions>
                <condition number="11" type="jump" coverage="100%" />
              </conditions>
            </line>
            <line number="9" hits="15" branch="False" />
          </lines>
        </class>
        <class name="DungeonPartyGame.Core.Services.GameEngine" filename="DungeonPartyGame.Core\Services\GameEngine.cs" line-rate="1" branch-rate="1" complexity="6">
          <methods>
            <method name="GetState" signature="()" line-rate="1" branch-rate="1" complexity="1">
              <lines>
                <line number="14" hits="1" branch="False" />
              </lines>
            </method>
            <method name="RunEncounter" signature="()" line-rate="1" branch-rate="1" complexity="2">
              <lines>
                <line number="17" hits="1" branch="False" />
                <line number="18" hits="7" branch="True" condition-coverage="100% (2/2)">
                  <conditions>
                    <condition number="61" type="jump" coverage="100%" />
                  </conditions>
                </line>
                <line number="19" hits="2" branch="False" />
                <line number="20" hits="2" branch="False" />
                <line number="21" hits="2" branch="False" />
                <line number="23" hits="1" branch="False" />
                <line number="24" hits="1" branch="False" />
              </lines>
            </method>
            <method name="CompleteStage" signature="()" line-rate="1" branch-rate="1" complexity="2">
              <lines>
                <line number="27" hits="1" branch="False" />
                <line number="28" hits="7" branch="True" condition-coverage="100% (2/2)">
                  <conditions>
                    <condition number="46" type="jump" coverage="100%" />
                  </conditions>
                </line>
                <line number="29" hits="2" branch="False" />
                <line number="31" hits="1" branch="False" />
                <line number="32" hits="1" branch="False" />
              </lines>
            </method>
            <method name=".ctor" signature="(DungeonPartyGame.Core.Models.GameState)" line-rate="1" branch-rate="1" complexity="1">
              <lines>
                <line number="9" hits="3" branch="False" />
                <line number="10" hits="3" branch="False" />
                <line number="11" hits="3" branch="False" />
                <line number="12" hits="3" branch="False" />
              </lines>
            </method>
          </methods>
          <lines>
            <line number="14" hits="1" branch="False" />
            <line number="17" hits="1" branch="False" />
            <line number="18" hits="7" branch="True" condition-coverage="100% (2/2)">
              <conditions>
                <condition number="61" type="jump" coverage="100%" />
              </conditions>
            </line>
            <line number="19" hits="2" branch="False" />
            <line number="20" hits="2" branch="False" />
            <line number="21" hits="2" branch="False" />
            <line number="23" hits="1" branch="False" />
            <line number="24" hits="1" branch="False" />
            <line number="27" hits="1" branch="False" />
            <line number="28" hits="7" branch="True" condition-coverage="100% (2/2)">
              <conditions>
                <condition number="46" type="jump" coverage="100%" />
              </conditions>
            </line>
            <line number="29" hits="2" branch="False" />
            <line number="31" hits="1" branch="False" />
            <line number="32" hits="1" branch="False" />
            <line number="9" hits="3" branch="False" />
            <line number="10" hits="3" branch="False" />
            <line number="11" hits="3" branch="False" />
            <line number="12" hits="3" branch="False" />
          </lines>
        </class>
        <class name="DungeonPartyGame.Core.Models.Character" filename="DungeonPartyGame.Core\Models\Character.cs" line-rate="0.8709" branch-rate="0.5" complexity="12">
          <methods>
            <method name="get_Name" signature="()" line-rate="1" branch-rate="1" complexity="1">
              <lines>
                <line number="5" hits="21" branch="False" />
              </lines>
            </method>
            <method name="get_Stats" signature="()" line-rate="1" branch-rate="1" complexity="1">
              <lines>
                <line number="6" hits="80" branch="False" />
              </lines>
            </method>
            <method name="get_Equipment" signature="()" line-rate="1" branch-rate="1" complexity="1">
              <lines>
                <line number="7" hits="4" branch="False" />
              </lines>
            </method>
            <method name="get_Skills" signature="()" line-rate="1" branch-rate="1" complexity="1">
              <lines>
                <line number="8" hits="6" branch="False" />
              </lines>
            </method>
            <method name="get_IsAlive" signature="()" line-rate="1" branch-rate="1" complexity="1">
              <lines>
                <line number="18" hits="5" branch="False" />
              </lines>
            </method>
            <method name="ApplyDamage" signature="(System.Int32)" line-rate="1" branch-rate="1" complexity="1">
              <lines>
                <line number="21" hits="7" branch="False" />
                <line number="22" hits="7" branch="False" />
                <line number="23" hits="7" branch="False" />
              </lines>
            </method>
            <method name="GainLevel" signature="()" line-rate="1" branch-rate="1" complexity="1">
              <lines>
                <line number="26" hits="3" branch="False" />
                <line number="27" hits="3" branch="False" />
                <line number="28" hits="3" branch="False" />
                <line number="29" hits="3" branch="False" />
              </lines>
            </method>
            <method name="ChooseSkill" signature="(System.Int32)" line-rate="0.6666" branch-rate="0.5" complexity="4">
              <lines>
                <line number="32" hits="5" branch="False" />
                <line number="33" hits="20" branch="True" condition-coverage="50% (1/2)">
                  <conditions>
                    <condition number="58" type="jump" coverage="50%" />
                  </conditions>
                </line>
                <line number="34" hits="5" branch="False" />
                <line number="35" hits="5" branch="True" condition-coverage="50% (1/2)">
                  <conditions>
                    <condition number="34" type="jump" coverage="50%" />
                  </conditions>
                </line>
                <line number="36" hits="5" branch="False" />
                <line number="37" hits="5" branch="False" />
                <line number="38" hits="5" branch="False" />
                <line number="40" hits="0" branch="False" />
                <line number="42" hits="0" branch="False" />
                <line number="43" hits="0" branch="False" />
                <line number="44" hits="0" branch="False" />
                <line number="45" hits="5" branch="False" />
              </lines>
            </method>
            <method name=".ctor" signature="(System.String,DungeonPartyGame.Core.Models.Stats,DungeonPartyGame.Core.Models.Equipment,System.Collections.Generic.List`1&lt;DungeonPartyGame.Core.Models.Skill&gt;)" line-rate="1" branch-rate="1" complexity="1">
              <lines>
                <line number="10" hits="50" branch="False" />
                <line number="11" hits="50" branch="False" />
                <line number="12" hits="50" branch="False" />
                <line number="13" hits="50" branch="False" />
                <line number="14" hits="50" branch="False" />
                <line number="15" hits="50" branch="False" />
                <line number="16" hits="50" branch="False" />
              </lines>
            </method>
          </methods>
          <lines>
            <line number="5" hits="21" branch="False" />
            <line number="6" hits="80" branch="False" />
            <line number="7" hits="4" branch="False" />
            <line number="8" hits="6" branch="False" />
            <line number="18" hits="5" branch="False" />
            <line number="21" hits="7" branch="False" />
            <line number="22" hits="7" branch="False" />
            <line number="23" hits="7" branch="False" />
            <line number="26" hits="3" branch="False" />
            <line number="27" hits="3" branch="False" />
            <line number="28" hits="3" branch="False" />
            <line number="29" hits="3" branch="False" />
            <line number="32" hits="5" branch="False" />
            <line number="33" hits="20" branch="True" condition-coverage="50% (1/2)">
              <conditions>
                <condition number="58" type="jump" coverage="50%" />
              </conditions>
            </line>
            <line number="34" hits="5" branch="False" />
            <line number="35" hits="5" branch="True" condition-coverage="50% (1/2)">
              <conditions>
                <condition number="34" type="jump" coverage="50%" />
              </conditions>
            </line>
            <line number="36" hits="5" branch="False" />
            <line number="37" hits="5" branch="False" />
            <line number="38" hits="5" branch="False" />
            <line number="40" hits="0" branch="False" />
            <line number="42" hits="0" branch="False" />
            <line number="43" hits="0" branch="False" />
            <line number="44" hits="0" branch="False" />
            <line number="45" hits="5" branch="False" />
            <line number="10" hits="50" branch="False" />
            <line number="11" hits="50" branch="False" />
            <line number="12" hits="50" branch="False" />
            <line number="13" hits="50" branch="False" />
            <line number="14" hits="50" branch="False" />
            <line number="15" hits="50" branch="False" />
            <line number="16" hits="50" branch="False" />
          </lines>
        </class>
        <class name="DungeonPartyGame.Core.Models.CombatResult" filename="DungeonPartyGame.Core\Models\CombatResult.cs" line-rate="1" branch-rate="1" complexity="10">
          <methods>
            <method name="get_Round" signature="()" line-rate="1" branch-rate="1" complexity="1">
              <lines>
                <line number="5" hits="8" branch="False" />
              </lines>
            </method>
            <method name="get_Attacker" signature="()" line-rate="1" branch-rate="1" complexity="1">
              <lines>
                <line number="6" hits="14" branch="False" />
              </lines>
            </method>
            <method name="get_Defender" signature="()" line-rate="1" branch-rate="1" complexity="1">
              <lines>
                <line number="7" hits="14" branch="False" />
              </lines>
            </method>
            <method name="get_SkillUsed" signature="()" line-rate="1" branch-rate="1" complexity="1">
              <lines>
                <line number="8" hits="14" branch="False" />
              </lines>
            </method>
            <method name="get_Damage" signature="()" line-rate="1" branch-rate="1" complexity="1">
              <lines>
                <line number="9" hits="8" branch="False" />
              </lines>
            </method>
            <method name="get_DefenderHP" signature="()" line-rate="1" branch-rate="1" complexity="1">
              <lines>
                <line number="10" hits="8" branch="False" />
              </lines>
            </method>
            <method name="get_IsDefeated" signature="()" line-rate="1" branch-rate="1" complexity="1">
              <lines>
                <line number="11" hits="9" branch="False" />
              </lines>
            </method>
            <method name="get_LogMessage" signature="()" line-rate="1" branch-rate="1" complexity="1">
              <lines>
                <line number="12" hits="14" branch="False" />
              </lines>
            </method>
            <method name="get_IsFinalRound" signature="()" line-rate="1" branch-rate="1" complexity="1">
              <lines>
                <line number="13" hits="10" branch="False" />
              </lines>
            </method>
            <method name="get_SummaryText" signature="()" line-rate="1" branch-rate="1" complexity="1">
              <lines>
                <line number="14" hits="14" branch="False" />
              </lines>
            </method>
          </methods>
          <lines>
            <line number="5" hits="8" branch="False" />
            <line number="6" hits="14" branch="False" />
            <line number="7" hits="14" branch="False" />
            <line number="8" hits="14" branch="False" />
            <line number="9" hits="8" branch="False" />
            <line number="10" hits="8" branch="False" />
            <line number="11" hits="9" branch="False" />
            <line number="12" hits="14" branch="False" />
            <line number="13" hits="10" branch="False" />
            <line number="14" hits="14" branch="False" />
          </lines>
        </class>
        <class name="DungeonPartyGame.Core.Models.CombatSession" filename="DungeonPartyGame.Core\Models\CombatSession.cs" line-rate="1" branch-rate="1" complexity="12">
          <methods>
            <method name="get_FighterA" signature="()" line-rate="1" branch-rate="1" complexity="1">
              <lines>
                <line number="5" hits="2" branch="False" />
              </lines>
            </method>
            <method name="get_FighterB" signature="()" line-rate="1" branch-rate="1" complexity="1">
              <lines>
                <line number="6" hits="2" branch="False" />
              </lines>
            </method>
            <method name="get_CurrentAttacker" signature="()" line-rate="1" branch-rate="1" complexity="1">
              <lines>
                <line number="7" hits="28" branch="False" />
              </lines>
            </method>
            <method name="get_CurrentDefender" signature="()" line-rate="1" branch-rate="1" complexity="1">
              <lines>
                <line number="8" hits="26" branch="False" />
              </lines>
            </method>
            <method name="get_RoundNumber" signature="()" line-rate="1" branch-rate="1" complexity="1">
              <lines>
                <line number="9" hits="25" branch="False" />
              </lines>
            </method>
            <method name="get_IsComplete" signature="()" line-rate="1" branch-rate="1" complexity="1">
              <lines>
                <line number="10" hits="17" branch="False" />
              </lines>
            </method>
            <method name="get_Winner" signature="()" line-rate="1" branch-rate="1" complexity="1">
              <lines>
                <line number="11" hits="7" branch="False" />
              </lines>
            </method>
            <method name="AdvanceTurn" signature="()" line-rate="1" branch-rate="1" complexity="2">
              <lines>
                <line number="32" hits="4" branch="False" />
                <line number="33" hits="5" branch="True" condition-coverage="100% (2/2)">
                  <conditions>
                    <condition number="9" type="jump" coverage="100%" />
                  </conditions>
                </line>
                <line number="36" hits="3" branch="False" />
                <line number="37" hits="3" branch="False" />
                <line number="38" hits="4" branch="False" />
              </lines>
            </method>
            <method name="CompleteCombat" signature="(DungeonPartyGame.Core.Models.Character)" line-rate="1" branch-rate="1" complexity="1">
              <lines>
                <line number="41" hits="4" branch="False" />
                <line number="42" hits="4" branch="False" />
                <line number="43" hits="4" branch="False" />
                <line number="44" hits="4" branch="False" />
              </lines>
            </method>
            <method name=".ctor" signature="(DungeonPartyGame.Core.Models.Character,DungeonPartyGame.Core.Models.Character)" line-rate="1" branch-rate="1" complexity="2">
              <lines>
                <line number="13" hits="12" branch="False" />
                <line number="14" hits="12" branch="False" />
                <line number="15" hits="12" branch="False" />
                <line number="16" hits="12" branch="False" />
                <line number="19" hits="12" branch="True" condition-coverage="100% (2/2)">
                  <conditions>
                    <condition number="55" type="jump" coverage="100%" />
                  </conditions>
                </line>
                <line number="20" hits="4" branch="False" />
                <line number="21" hits="4" branch="False" />
                <line number="22" hits="4" branch="False" />
                <line number="23" hits="4" branch="False" />
                <line number="25" hits="8" branch="False" />
                <line number="26" hits="8" branch="False" />
                <line number="27" hits="8" branch="False" />
                <line number="28" hits="8" branch="False" />
                <line number="29" hits="12" branch="False" />
              </lines>
            </method>
          </methods>
          <lines>
            <line number="5" hits="2" branch="False" />
            <line number="6" hits="2" branch="False" />
            <line number="7" hits="28" branch="False" />
            <line number="8" hits="26" branch="False" />
            <line number="9" hits="25" branch="False" />
            <line number="10" hits="17" branch="False" />
            <line number="11" hits="7" branch="False" />
            <line number="32" hits="4" branch="False" />
            <line number="33" hits="5" branch="True" condition-coverage="100% (2/2)">
              <conditions>
                <condition number="9" type="jump" coverage="100%" />
              </conditions>
            </line>
            <line number="36" hits="3" branch="False" />
            <line number="37" hits="3" branch="False" />
            <line number="38" hits="4" branch="False" />
            <line number="41" hits="4" branch="False" />
            <line number="42" hits="4" branch="False" />
            <line number="43" hits="4" branch="False" />
            <line number="44" hits="4" branch="False" />
            <line number="13" hits="12" branch="False" />
            <line number="14" hits="12" branch="False" />
            <line number="15" hits="12" branch="False" />
            <line number="16" hits="12" branch="False" />
            <line number="19" hits="12" branch="True" condition-coverage="100% (2/2)">
              <conditions>
                <condition number="55" type="jump" coverage="100%" />
              </conditions>
            </line>
            <line number="20" hits="4" branch="False" />
            <line number="21" hits="4" branch="False" />
            <line number="22" hits="4" branch="False" />
            <line number="23" hits="4" branch="False" />
            <line number="25" hits="8" branch="False" />
            <line number="26" hits="8" branch="False" />
            <line number="27" hits="8" branch="False" />
            <line number="28" hits="8" branch="False" />
            <line number="29" hits="12" branch="False" />
          </lines>
        </class>
        <class name="DungeonPartyGame.Core.Models.Equipment" filename="DungeonPartyGame.Core\Models\Equipment.cs" line-rate="1" branch-rate="1" complexity="2">
          <methods>
            <method name="get_Weapon" signature="()" line-rate="1" branch-rate="1" complexity="1">
              <lines>
                <line number="5" hits="55" branch="False" />
              </lines>
            </method>
            <method name=".ctor" signature="(DungeonPartyGame.Core.Models.Weapon)" line-rate="1" branch-rate="1" complexity="1">
              <lines>
                <line number="7" hits="51" branch="False" />
                <line number="8" hits="51" branch="False" />
                <line number="9" hits="51" branch="False" />
                <line number="10" hits="51" branch="False" />
              </lines>
            </method>
          </methods>
          <lines>
            <line number="5" hits="55" branch="False" />
            <line number="7" hits="51" branch="False" />
            <line number="8" hits="51" branch="False" />
            <line number="9" hits="51" branch="False" />
            <line number="10" hits="51" branch="False" />
          </lines>
        </class>
        <class name="DungeonPartyGame.Core.Models.GameState" filename="DungeonPartyGame.Core\Models\GameState.cs" line-rate="1" branch-rate="1" complexity="6">
          <methods>
            <method name="get_Party" signature="()" line-rate="1" branch-rate="1" complexity="1">
              <lines>
                <line number="5" hits="3" branch="False" />
              </lines>
            </method>
            <method name="get_CurrentStage" signature="()" line-rate="1" branch-rate="1" complexity="1">
              <lines>
                <line number="6" hits="15" branch="False" />
              </lines>
            </method>
            <method name="get_LastEvent" signature="()" line-rate="1" branch-rate="1" complexity="1">
              <lines>
                <line number="7" hits="15" branch="False" />
              </lines>
            </method>
            <method name="AdvanceStage" signature="()" line-rate="1" branch-rate="1" complexity="1">
              <lines>
                <line number="15" hits="2" branch="False" />
                <line number="16" hits="2" branch="False" />
                <line number="17" hits="2" branch="False" />
                <line number="18" hits="2" branch="False" />
              </lines>
            </method>
            <method name="Log" signature="(System.String)" line-rate="1" branch-rate="1" complexity="1">
              <lines>
                <line number="21" hits="2" branch="False" />
                <line number="22" hits="2" branch="False" />
                <line number="23" hits="2" branch="False" />
              </lines>
            </method>
            <method name=".ctor" signature="(DungeonPartyGame.Core.Models.Party)" line-rate="1" branch-rate="1" complexity="1">
              <lines>
                <line number="9" hits="6" branch="False" />
                <line number="10" hits="6" branch="False" />
                <line number="11" hits="6" branch="False" />
                <line number="12" hits="6" branch="False" />
              </lines>
            </method>
          </methods>
          <lines>
            <line number="5" hits="3" branch="False" />
            <line number="6" hits="15" branch="False" />
            <line number="7" hits="15" branch="False" />
            <line number="15" hits="2" branch="False" />
            <line number="16" hits="2" branch="False" />
            <line number="17" hits="2" branch="False" />
            <line number="18" hits="2" branch="False" />
            <line number="21" hits="2" branch="False" />
            <line number="22" hits="2" branch="False" />
            <line number="23" hits="2" branch="False" />
            <line number="9" hits="6" branch="False" />
            <line number="10" hits="6" branch="False" />
            <line number="11" hits="6" branch="False" />
            <line number="12" hits="6" branch="False" />
          </lines>
        </class>
        <class name="DungeonPartyGame.Core.Models.Party" filename="DungeonPartyGame.Core\Models\Party.cs" line-rate="1" branch-rate="1" complexity="4">
          <methods>
            <method name="get_Members" signature="()" line-rate="1" branch-rate="1" complexity="1">
              <lines>
                <line number="5" hits="5" branch="False" />
              </lines>
            </method>
            <method name="Add" signature="(DungeonPartyGame.Core.Models.Character)" line-rate="1" branch-rate="1" complexity="2">
              <lines>
                <line number="9" hits="12" branch="False" />
                <line number="10" hits="12" branch="True" condition-coverage="100% (2/2)">
                  <conditions>
                    <condition number="20" type="jump" coverage="100%" />
                  </conditions>
                </line>
                <line number="11" hits="1" branch="False" />
                <line number="13" hits="11" branch="False" />
                <line number="14" hits="11" branch="False" />
              </lines>
            </method>
            <method name=".ctor" signature="()" line-rate="1" branch-rate="1" complexity="1">
              <lines>
                <line number="6" hits="9" branch="False" />
              </lines>
            </method>
          </methods>
          <lines>
            <line number="5" hits="5" branch="False" />
            <line number="9" hits="12" branch="False" />
            <line number="10" hits="12" branch="True" condition-coverage="100% (2/2)">
              <conditions>
                <condition number="20" type="jump" coverage="100%" />
              </conditions>
            </line>
            <line number="11" hits="1" branch="False" />
            <line number="13" hits="11" branch="False" />
            <line number="14" hits="11" branch="False" />
            <line number="6" hits="9" branch="False" />
          </lines>
        </class>
        <class name="DungeonPartyGame.Core.Models.Skill" filename="DungeonPartyGame.Core\Models\Skill.cs" line-rate="1" branch-rate="1" complexity="7">
          <methods>
            <method name="get_Name" signature="()" line-rate="1" branch-rate="1" complexity="1">
              <lines>
                <line number="5" hits="7" branch="False" />
              </lines>
            </method>
            <method name="get_Description" signature="()" line-rate="1" branch-rate="1" complexity="1">
              <lines>
                <line number="6" hits="1" branch="False" />
              </lines>
            </method>
            <method name="get_DamageMultiplier" signature="()" line-rate="1" branch-rate="1" complexity="1">
              <lines>
                <line number="7" hits="4" branch="False" />
              </lines>
            </method>
            <method name="get_Cooldown" signature="()" line-rate="1" branch-rate="1" complexity="1">
              <lines>
                <line number="8" hits="12" branch="False" />
              </lines>
            </method>
            <method name="CanUse" signature="(System.Int32)" line-rate="1" branch-rate="1" complexity="1">
              <lines>
                <line number="19" hits="11" branch="False" />
              </lines>
            </method>
            <method name="MarkUsed" signature="(System.Int32)" line-rate="1" branch-rate="1" complexity="1">
              <lines>
                <line number="20" hits="8" branch="False" />
              </lines>
            </method>
            <method name=".ctor" signature="(System.String,System.String,System.Double,System.Int32)" line-rate="1" branch-rate="1" complexity="1">
              <lines>
                <line number="9" hits="63" branch="False" />
                <line number="11" hits="63" branch="False" />
                <line number="12" hits="63" branch="False" />
                <line number="13" hits="63" branch="False" />
                <line number="14" hits="63" branch="False" />
                <line number="15" hits="63" branch="False" />
                <line number="16" hits="63" branch="False" />
                <line number="17" hits="63" branch="False" />
              </lines>
            </method>
          </methods>
          <lines>
            <line number="5" hits="7" branch="False" />
            <line number="6" hits="1" branch="False" />
            <line number="7" hits="4" branch="False" />
            <line number="8" hits="12" branch="False" />
            <line number="19" hits="11" branch="False" />
            <line number="20" hits="8" branch="False" />
            <line number="9" hits="63" branch="False" />
            <line number="11" hits="63" branch="False" />
            <line number="12" hits="63" branch="False" />
            <line number="13" hits="63" branch="False" />
            <line number="14" hits="63" branch="False" />
            <line number="15" hits="63" branch="False" />
            <line number="16" hits="63" branch="False" />
            <line number="17" hits="63" branch="False" />
          </lines>
        </class>
        <class name="DungeonPartyGame.Core.Models.Stats" filename="DungeonPartyGame.Core\Models\Stats.cs" line-rate="1" branch-rate="1" complexity="7">
          <methods>
            <method name="get_Strength" signature="()" line-rate="1" branch-rate="1" complexity="1">
              <lines>
                <line number="5" hits="62" branch="False" />
              </lines>
            </method>
            <method name="get_Dexterity" signature="()" line-rate="1" branch-rate="1" complexity="1">
              <lines>
                <line number="6" hits="81" branch="False" />
              </lines>
            </method>
            <method name="get_Intelligence" signature="()" line-rate="1" branch-rate="1" complexity="1">
              <lines>
                <line number="7" hits="57" branch="False" />
              </lines>
            </method>
            <method name="get_MaxHealth" signature="()" line-rate="1" branch-rate="1" complexity="1">
              <lines>
                <line number="8" hits="73" branch="False" />
              </lines>
            </method>
            <method name="get_CurrentHealth" signature="()" line-rate="1" branch-rate="1" complexity="1">
              <lines>
                <line number="9" hits="103" branch="False" />
              </lines>
            </method>
            <method name="Clone" signature="()" line-rate="1" branch-rate="1" complexity="1">
              <lines>
                <line number="20" hits="1" branch="False" />
              </lines>
            </method>
            <method name=".ctor" signature="(System.Int32,System.Int32,System.Int32,System.Int32)" line-rate="1" branch-rate="1" complexity="1">
              <lines>
                <line number="11" hits="53" branch="False" />
                <line number="12" hits="53" branch="False" />
                <line number="13" hits="53" branch="False" />
                <line number="14" hits="53" branch="False" />
                <line number="15" hits="53" branch="False" />
                <line number="16" hits="53" branch="False" />
                <line number="17" hits="53" branch="False" />
                <line number="18" hits="53" branch="False" />
              </lines>
            </method>
          </methods>
          <lines>
            <line number="5" hits="62" branch="False" />
            <line number="6" hits="81" branch="False" />
            <line number="7" hits="57" branch="False" />
            <line number="8" hits="73" branch="False" />
            <line number="9" hits="103" branch="False" />
            <line number="20" hits="1" branch="False" />
            <line number="11" hits="53" branch="False" />
            <line number="12" hits="53" branch="False" />
            <line number="13" hits="53" branch="False" />
            <line number="14" hits="53" branch="False" />
            <line number="15" hits="53" branch="False" />
            <line number="16" hits="53" branch="False" />
            <line number="17" hits="53" branch="False" />
            <line number="18" hits="53" branch="False" />
          </lines>
        </class>
        <class name="DungeonPartyGame.Core.Models.Weapon" filename="DungeonPartyGame.Core\Models\Weapon.cs" line-rate="1" branch-rate="1" complexity="5">
          <methods>
            <method name="get_Name" signature="()" line-rate="1" branch-rate="1" complexity="1">
              <lines>
                <line number="5" hits="2" branch="False" />
              </lines>
            </method>
            <method name="get_MinDamage" signature="()" line-rate="1" branch-rate="1" complexity="1">
              <lines>
                <line number="6" hits="5" branch="False" />
              </lines>
            </method>
            <method name="get_MaxDamage" signature="()" line-rate="1" branch-rate="1" complexity="1">
              <lines>
                <line number="7" hits="5" branch="False" />
              </lines>
            </method>
            <method name="get_StatModifier" signature="()" line-rate="1" branch-rate="1" complexity="1">
              <lines>
                <line number="8" hits="2" branch="False" />
              </lines>
            </method>
            <method name=".ctor" signature="(System.String,System.Int32,System.Int32,System.String)" line-rate="1" branch-rate="1" complexity="1">
              <lines>
                <line number="10" hits="53" branch="False" />
                <line number="11" hits="53" branch="False" />
                <line number="12" hits="53" branch="False" />
                <line number="13" hits="53" branch="False" />
                <line number="14" hits="53" branch="False" />
                <line number="15" hits="53" branch="False" />
                <line number="16" hits="53" branch="False" />
              </lines>
            </method>
          </methods>
          <lines>
            <line number="5" hits="2" branch="False" />
            <line number="6" hits="5" branch="False" />
            <line number="7" hits="5" branch="False" />
            <line number="8" hits="2" branch="False" />
            <line number="10" hits="53" branch="False" />
            <line number="11" hits="53" branch="False" />
            <line number="12" hits="53" branch="False" />
            <line number="13" hits="53" branch="False" />
            <line number="14" hits="53" branch="False" />
            <line number="15" hits="53" branch="False" />
            <line number="16" hits="53" branch="False" />
          </lines>
        </class>
      </classes>
    </package>
    <package name="DungeonPartyGame.UI" line-rate="0.8421" branch-rate="0.46149999999999997" complexity="33">
      <classes>
        <class name="Microsoft.Maui.Controls.Generated.GeneratedBindingInterceptors" filename="DungeonPartyGame.UI\obj\Debug\net10.0\Microsoft.Maui.Controls.BindingSourceGen\Microsoft.Maui.Controls.BindingSourceGen.BindingSourceGenerator\GeneratedBindingInterceptorsCommon.g.cs" line-rate="0" branch-rate="0" complexity="12">
          <methods>
            <method name="ShouldUseSetter" signature="(Microsoft.Maui.Controls.BindingMode,Microsoft.Maui.Controls.BindableProperty)" line-rate="0" branch-rate="0" complexity="8">
              <lines>
                <line number="19" hits="0" branch="True" condition-coverage="0% (0/8)">
                  <conditions>
                    <condition number="2" type="jump" coverage="0%" />
                    <condition number="6" type="jump" coverage="0%" />
                    <condition number="9" type="jump" coverage="0%" />
                    <condition number="18" type="jump" coverage="0%" />
                  </conditions>
                </line>
                <line number="20" hits="0" branch="False" />
                <line number="21" hits="0" branch="False" />
                <line number="22" hits="0" branch="False" />
                <line number="23" hits="0" branch="False" />
              </lines>
            </method>
            <method name="ShouldUseSetter" signature="(Microsoft.Maui.Controls.BindingMode)" line-rate="0" branch-rate="0" complexity="4">
              <lines>
                <line number="26" hits="0" branch="True" condition-coverage="0% (0/4)">
                  <conditions>
                    <condition number="2" type="jump" coverage="0%" />
                    <condition number="6" type="jump" coverage="0%" />
                  </conditions>
                </line>
                <line number="27" hits="0" branch="False" />
                <line number="28" hits="0" branch="False" />
              </lines>
            </method>
          </methods>
          <lines>
            <line number="19" hits="0" branch="True" condition-coverage="0% (0/8)">
              <conditions>
                <condition number="2" type="jump" coverage="0%" />
                <condition number="6" type="jump" coverage="0%" />
                <condition number="9" type="jump" coverage="0%" />
                <condition number="18" type="jump" coverage="0%" />
              </conditions>
            </line>
            <line number="20" hits="0" branch="False" />
            <line number="21" hits="0" branch="False" />
            <line number="22" hits="0" branch="False" />
            <line number="23" hits="0" branch="False" />
            <line number="26" hits="0" branch="True" condition-coverage="0% (0/4)">
              <conditions>
                <condition number="2" type="jump" coverage="0%" />
                <condition number="6" type="jump" coverage="0%" />
              </conditions>
            </line>
            <line number="27" hits="0" branch="False" />
            <line number="28" hits="0" branch="False" />
          </lines>
        </class>
        <class name="DungeonPartyGame.UI.ViewModels.MainViewModel" filename="DungeonPartyGame.UI\ViewModels\MainViewModel.cs" line-rate="0.9411" branch-rate="0.8571" complexity="21">
          <methods>
            <method name="get_CombatLog" signature="()" line-rate="1" branch-rate="1" complexity="1">
              <lines>
                <line number="19" hits="6" branch="False" />
              </lines>
            </method>
            <method name="set_CombatLog" signature="(System.String)" line-rate="1" branch-rate="1" complexity="1">
              <lines>
                <line number="20" hits="28" branch="False" />
              </lines>
            </method>
            <method name="get_CreateCharactersCommand" signature="()" line-rate="1" branch-rate="1" complexity="1">
              <lines>
                <line number="23" hits="4" branch="False" />
              </lines>
            </method>
            <method name="get_StartNewCombatCommand" signature="()" line-rate="1" branch-rate="1" complexity="1">
              <lines>
                <line number="24" hits="8" branch="False" />
              </lines>
            </method>
            <method name="get_NextRoundCommand" signature="()" line-rate="1" branch-rate="1" complexity="1">
              <lines>
                <line number="25" hits="11" branch="False" />
              </lines>
            </method>
            <method name="CreateCharacters" signature="()" line-rate="1" branch-rate="1" complexity="1">
              <lines>
                <line number="38" hits="3" branch="False" />
                <line number="39" hits="3" branch="False" />
                <line number="40" hits="3" branch="False" />
                <line number="41" hits="3" branch="False" />
                <line number="42" hits="3" branch="False" />
                <line number="43" hits="3" branch="False" />
                <line number="44" hits="3" branch="False" />
                <line number="45" hits="3" branch="False" />
                <line number="46" hits="3" branch="False" />
                <line number="47" hits="3" branch="False" />
                <line number="48" hits="3" branch="False" />
                <line number="49" hits="3" branch="False" />
                <line number="50" hits="3" branch="False" />
                <line number="51" hits="3" branch="False" />
                <line number="52" hits="3" branch="False" />
                <line number="53" hits="3" branch="False" />
                <line number="54" hits="3" branch="False" />
                <line number="55" hits="3" branch="False" />
                <line number="56" hits="3" branch="False" />
                <line number="57" hits="3" branch="False" />
                <line number="58" hits="3" branch="False" />
                <line number="59" hits="3" branch="False" />
                <line number="60" hits="3" branch="False" />
                <line number="61" hits="3" branch="False" />
                <line number="62" hits="3" branch="False" />
                <line number="63" hits="3" branch="False" />
              </lines>
            </method>
            <method name="StartNewCombat" signature="()" line-rate="1" branch-rate="1" complexity="4">
              <lines>
                <line number="66" hits="3" branch="False" />
                <line number="67" hits="3" branch="True" condition-coverage="100% (4/4)">
                  <conditions>
                    <condition number="7" type="jump" coverage="100%" />
                    <condition number="23" type="jump" coverage="100%" />
                  </conditions>
                </line>
                <line number="68" hits="1" branch="False" />
                <line number="69" hits="1" branch="False" />
                <line number="70" hits="1" branch="False" />
                <line number="74" hits="2" branch="False" />
                <line number="75" hits="2" branch="False" />
                <line number="77" hits="2" branch="False" />
                <line number="79" hits="2" branch="False" />
                <line number="80" hits="2" branch="False" />
                <line number="82" hits="2" branch="False" />
                <line number="83" hits="3" branch="False" />
              </lines>
            </method>
            <method name="ExecuteNextRound" signature="()" line-rate="0.75" branch-rate="0.8332999999999999" complexity="6">
              <lines>
                <line number="86" hits="2" branch="False" />
                <line number="87" hits="2" branch="True" condition-coverage="100% (4/4)">
                  <conditions>
                    <condition number="7" type="jump" coverage="100%" />
                    <condition number="25" type="jump" coverage="100%" />
                  </conditions>
                </line>
                <line number="88" hits="1" branch="False" />
                <line number="89" hits="1" branch="False" />
                <line number="92" hits="1" branch="False" />
                <line number="94" hits="1" branch="False" />
                <line number="95" hits="1" branch="False" />
                <line number="96" hits="1" branch="True" condition-coverage="50% (1/2)">
                  <conditions>
                    <condition number="81" type="jump" coverage="50%" />
                  </conditions>
                </line>
                <line number="97" hits="0" branch="False" />
                <line number="98" hits="0" branch="False" />
                <line number="99" hits="0" branch="False" />
                <line number="100" hits="0" branch="False" />
                <line number="101" hits="1" branch="False" />
                <line number="102" hits="1" branch="False" />
                <line number="104" hits="1" branch="False" />
                <line number="105" hits="2" branch="False" />
              </lines>
            </method>
            <method name="&lt;.ctor&gt;b__18_0" signature="()" line-rate="1" branch-rate="0.5" complexity="2">
              <lines>
                <line number="33" hits="7" branch="True" condition-coverage="50% (1/2)">
                  <conditions>
                    <condition number="6" type="jump" coverage="50%" />
                  </conditions>
                </line>
              </lines>
            </method>
            <method name="&lt;.ctor&gt;b__18_1" signature="()" line-rate="1" branch-rate="1" complexity="2">
              <lines>
                <line number="34" hits="8" branch="True" condition-coverage="100% (2/2)">
                  <conditions>
                    <condition number="6" type="jump" coverage="100%" />
                  </conditions>
                </line>
              </lines>
            </method>
            <method name=".ctor" signature="(DungeonPartyGame.Core.Services.CombatEngine,DungeonPartyGame.Core.Services.DiceService)" line-rate="1" branch-rate="1" complexity="1">
              <lines>
                <line number="15" hits="6" branch="False" />
                <line number="27" hits="6" branch="False" />
                <line number="28" hits="6" branch="False" />
                <line number="29" hits="6" branch="False" />
                <line number="30" hits="6" branch="False" />
                <line number="32" hits="6" branch="False" />
                <line number="35" hits="6" branch="False" />
              </lines>
            </method>
          </methods>
          <lines>
            <line number="19" hits="6" branch="False" />
            <line number="20" hits="28" branch="False" />
            <line number="23" hits="4" branch="False" />
            <line number="24" hits="8" branch="False" />
            <line number="25" hits="11" branch="False" />
            <line number="38" hits="3" branch="False" />
            <line number="39" hits="3" branch="False" />
            <line number="40" hits="3" branch="False" />
            <line number="41" hits="3" branch="False" />
            <line number="42" hits="3" branch="False" />
            <line number="43" hits="3" branch="False" />
            <line number="44" hits="3" branch="False" />
            <line number="45" hits="3" branch="False" />
            <line number="46" hits="3" branch="False" />
            <line number="47" hits="3" branch="False" />
            <line number="48" hits="3" branch="False" />
            <line number="49" hits="3" branch="False" />
            <line number="50" hits="3" branch="False" />
            <line number="51" hits="3" branch="False" />
            <line number="52" hits="3" branch="False" />
            <line number="53" hits="3" branch="False" />
            <line number="54" hits="3" branch="False" />
            <line number="55" hits="3" branch="False" />
            <line number="56" hits="3" branch="False" />
            <line number="57" hits="3" branch="False" />
            <line number="58" hits="3" branch="False" />
            <line number="59" hits="3" branch="False" />
            <line number="60" hits="3" branch="False" />
            <line number="61" hits="3" branch="False" />
            <line number="62" hits="3" branch="False" />
            <line number="63" hits="3" branch="False" />
            <line number="66" hits="3" branch="False" />
            <line number="67" hits="3" branch="True" condition-coverage="100% (4/4)">
              <conditions>
                <condition number="7" type="jump" coverage="100%" />
                <condition number="23" type="jump" coverage="100%" />
              </conditions>
            </line>
            <line number="68" hits="1" branch="False" />
            <line number="69" hits="1" branch="False" />
            <line number="70" hits="1" branch="False" />
            <line number="74" hits="2" branch="False" />
            <line number="75" hits="2" branch="False" />
            <line number="77" hits="2" branch="False" />
            <line number="79" hits="2" branch="False" />
            <line number="80" hits="2" branch="False" />
            <line number="82" hits="2" branch="False" />
            <line number="83" hits="3" branch="False" />
            <line number="86" hits="2" branch="False" />
            <line number="87" hits="2" branch="True" condition-coverage="100% (4/4)">
              <conditions>
                <condition number="7" type="jump" coverage="100%" />
                <condition number="25" type="jump" coverage="100%" />
              </conditions>
            </line>
            <line number="88" hits="1" branch="False" />
            <line number="89" hits="1" branch="False" />
            <line number="92" hits="1" branch="False" />
            <line number="94" hits="1" branch="False" />
            <line number="95" hits="1" branch="False" />
            <line number="96" hits="1" branch="True" condition-coverage="50% (1/2)">
              <conditions>
                <condition number="81" type="jump" coverage="50%" />
              </conditions>
            </line>
            <line number="97" hits="0" branch="False" />
            <line number="98" hits="0" branch="False" />
            <line number="99" hits="0" branch="False" />
            <line number="100" hits="0" branch="False" />
            <line number="101" hits="1" branch="False" />
            <line number="102" hits="1" branch="False" />
            <line number="104" hits="1" branch="False" />
            <line number="105" hits="2" branch="False" />
            <line number="33" hits="7" branch="True" condition-coverage="50% (1/2)">
              <conditions>
                <condition number="6" type="jump" coverage="50%" />
              </conditions>
            </line>
            <line number="34" hits="8" branch="True" condition-coverage="100% (2/2)">
              <conditions>
                <condition number="6" type="jump" coverage="100%" />
              </conditions>
            </line>
            <line number="15" hits="6" branch="False" />
            <line number="27" hits="6" branch="False" />
            <line number="28" hits="6" branch="False" />
            <line number="29" hits="6" branch="False" />
            <line number="30" hits="6" branch="False" />
            <line number="32" hits="6" branch="False" />
            <line number="35" hits="6" branch="False" />
          </lines>
        </class>
      </classes>
    </package>
  </packages>
</coverage>